TpTrace Verbose: 0 : 14040, 1, 2021/07/19, 16:43:52.228, 192570693761, vstest.console.dll, Version: 16.10.0
TpTrace Information: 0 : 14040, 1, 2021/07/19, 16:43:52.239, 192570792341, vstest.console.dll, FilePatternParser: The given file C:\Users\Dell\OneDrive\Desktop\InsuranceClaim\InsuranceClaimTesting\bin\Debug\netcoreapp3.1\fine-code-coverage\build-output\InsuranceClaimTesting.dll is a full path.
TpTrace Verbose: 0 : 14040, 1, 2021/07/19, 16:43:52.248, 192570882658, vstest.console.dll, TestPluginCache.DiscoverTestExtensions: finding test extensions in assemblies ends with: RuntimeProvider.dll TPluginInfo: Microsoft.VisualStudio.TestPlatform.Common.ExtensionFramework.Utilities.TestRuntimePluginInformation TExtension: Microsoft.VisualStudio.TestPlatform.ObjectModel.Host.ITestRuntimeProvider
TpTrace Verbose: 0 : 14040, 1, 2021/07/19, 16:43:52.280, 192571205599, vstest.console.dll, TestPluginCache.GetExtensionPaths: Filtered extension paths: 
TpTrace Verbose: 0 : 14040, 1, 2021/07/19, 16:43:52.280, 192571210045, vstest.console.dll, TestPluginCache.GetExtensionPaths: Added default extension paths: C:\Program Files\dotnet\sdk\5.0.302\Extensions\Microsoft.Diagnostics.NETCore.Client.dll
C:\Program Files\dotnet\sdk\5.0.302\Extensions\Microsoft.TestPlatform.Extensions.BlameDataCollector.dll
C:\Program Files\dotnet\sdk\5.0.302\Extensions\Microsoft.TestPlatform.Extensions.EventLogCollector.dll
C:\Program Files\dotnet\sdk\5.0.302\Extensions\Microsoft.TestPlatform.TestHostRuntimeProvider.dll
C:\Program Files\dotnet\sdk\5.0.302\Extensions\Microsoft.VisualStudio.TestPlatform.Extensions.Html.TestLogger.dll
C:\Program Files\dotnet\sdk\5.0.302\Extensions\Microsoft.VisualStudio.TestPlatform.Extensions.Trx.TestLogger.dll
TpTrace Verbose: 0 : 14040, 1, 2021/07/19, 16:43:52.281, 192571212070, vstest.console.dll, TestPluginCache.GetExtensionPaths: Added unfilterableExtensionPaths: 
TpTrace Information: 0 : 14040, 1, 2021/07/19, 16:43:52.283, 192571236797, vstest.console.dll, AssemblyResolver.ctor: Creating AssemblyResolver with searchDirectories C:\Program Files\dotnet\sdk\5.0.302\Extensions,C:\Program Files\dotnet\sdk\5.0.302
TpTrace Verbose: 0 : 14040, 1, 2021/07/19, 16:43:52.287, 192571273246, vstest.console.dll, TestPluginCache.DiscoverTestExtensions: Discovering the extensions using extension path.
TpTrace Verbose: 0 : 14040, 1, 2021/07/19, 16:43:52.287, 192571276281, vstest.console.dll, TestPluginCache.GetExtensionPaths: Filtered extension paths: 
TpTrace Verbose: 0 : 14040, 1, 2021/07/19, 16:43:52.287, 192571278116, vstest.console.dll, TestPluginCache.GetExtensionPaths: Added default extension paths: C:\Program Files\dotnet\sdk\5.0.302\Extensions\Microsoft.Diagnostics.NETCore.Client.dll
C:\Program Files\dotnet\sdk\5.0.302\Extensions\Microsoft.TestPlatform.Extensions.BlameDataCollector.dll
C:\Program Files\dotnet\sdk\5.0.302\Extensions\Microsoft.TestPlatform.Extensions.EventLogCollector.dll
C:\Program Files\dotnet\sdk\5.0.302\Extensions\Microsoft.TestPlatform.TestHostRuntimeProvider.dll
C:\Program Files\dotnet\sdk\5.0.302\Extensions\Microsoft.VisualStudio.TestPlatform.Extensions.Html.TestLogger.dll
C:\Program Files\dotnet\sdk\5.0.302\Extensions\Microsoft.VisualStudio.TestPlatform.Extensions.Trx.TestLogger.dll
TpTrace Verbose: 0 : 14040, 1, 2021/07/19, 16:43:52.287, 192571279521, vstest.console.dll, TestPluginCache.GetExtensionPaths: Added unfilterableExtensionPaths: 
TpTrace Verbose: 0 : 14040, 1, 2021/07/19, 16:43:52.288, 192571281907, vstest.console.dll, TestPluginCache.DiscoverTestExtensions: Discovering the extensions using allExtensionPaths: C:\Program Files\dotnet\sdk\5.0.302\Extensions\Microsoft.Diagnostics.NETCore.Client.dll
C:\Program Files\dotnet\sdk\5.0.302\Extensions\Microsoft.TestPlatform.Extensions.BlameDataCollector.dll
C:\Program Files\dotnet\sdk\5.0.302\Extensions\Microsoft.TestPlatform.Extensions.EventLogCollector.dll
C:\Program Files\dotnet\sdk\5.0.302\Extensions\Microsoft.TestPlatform.TestHostRuntimeProvider.dll
C:\Program Files\dotnet\sdk\5.0.302\Extensions\Microsoft.VisualStudio.TestPlatform.Extensions.Html.TestLogger.dll
C:\Program Files\dotnet\sdk\5.0.302\Extensions\Microsoft.VisualStudio.TestPlatform.Extensions.Trx.TestLogger.dll
TpTrace Information: 0 : 14040, 1, 2021/07/19, 16:43:52.288, 192571286976, vstest.console.dll, AssemblyResolver.AddSearchDirectories: Adding more searchDirectories C:\Program Files\dotnet\sdk\5.0.302\Extensions,C:\Program Files\dotnet\sdk\5.0.302
TpTrace Information: 0 : 14040, 1, 2021/07/19, 16:43:52.288, 192571289116, vstest.console.dll, AssemblyResolver.AddSearchDirectories: Adding more searchDirectories C:\Program Files\dotnet\sdk\5.0.302\Extensions,C:\Program Files\dotnet\sdk\5.0.302
TpTrace Information: 0 : 14040, 1, 2021/07/19, 16:43:52.288, 192571290157, vstest.console.dll, AssemblyResolver.AddSearchDirectories: Adding more searchDirectories C:\Program Files\dotnet\sdk\5.0.302\Extensions,C:\Program Files\dotnet\sdk\5.0.302
TpTrace Information: 0 : 14040, 1, 2021/07/19, 16:43:52.289, 192571290945, vstest.console.dll, AssemblyResolver.AddSearchDirectories: Adding more searchDirectories C:\Program Files\dotnet\sdk\5.0.302\Extensions,C:\Program Files\dotnet\sdk\5.0.302
TpTrace Information: 0 : 14040, 1, 2021/07/19, 16:43:52.289, 192571291982, vstest.console.dll, AssemblyResolver.AddSearchDirectories: Adding more searchDirectories C:\Program Files\dotnet\sdk\5.0.302\Extensions,C:\Program Files\dotnet\sdk\5.0.302
TpTrace Information: 0 : 14040, 1, 2021/07/19, 16:43:52.289, 192571292764, vstest.console.dll, AssemblyResolver.AddSearchDirectories: Adding more searchDirectories C:\Program Files\dotnet\sdk\5.0.302\Extensions,C:\Program Files\dotnet\sdk\5.0.302
TpTrace Information: 0 : 14040, 1, 2021/07/19, 16:43:52.290, 192571302250, vstest.console.dll, AssemblyResolver.OnResolve: Microsoft.Diagnostics.NETCore.Client: Resolving assembly.
TpTrace Information: 0 : 14040, 1, 2021/07/19, 16:43:52.290, 192571303847, vstest.console.dll, AssemblyResolver.OnResolve: Microsoft.Diagnostics.NETCore.Client: Searching in: 'C:\Program Files\dotnet\sdk\5.0.302\Extensions'.
TpTrace Information: 0 : 14040, 1, 2021/07/19, 16:43:52.291, 192571319755, vstest.console.dll, AssemblyResolver.OnResolve: Microsoft.Diagnostics.NETCore.Client: Loading assembly 'C:\Program Files\dotnet\sdk\5.0.302\Extensions\Microsoft.Diagnostics.NETCore.Client.dll'.
TpTrace Information: 0 : 14040, 1, 2021/07/19, 16:43:52.293, 192571336486, vstest.console.dll, AssemblyResolver.OnResolve: Resolved assembly: Microsoft.Diagnostics.NETCore.Client, from path: C:\Program Files\dotnet\sdk\5.0.302\Extensions\Microsoft.Diagnostics.NETCore.Client.dll
TpTrace Information: 0 : 14040, 1, 2021/07/19, 16:43:52.302, 192571426074, vstest.console.dll, AssemblyResolver.OnResolve: Microsoft.Bcl.AsyncInterfaces: Resolving assembly.
TpTrace Information: 0 : 14040, 1, 2021/07/19, 16:43:52.302, 192571427981, vstest.console.dll, AssemblyResolver.OnResolve: Microsoft.Bcl.AsyncInterfaces: Searching in: 'C:\Program Files\dotnet\sdk\5.0.302\Extensions'.
TpTrace Information: 0 : 14040, 1, 2021/07/19, 16:43:52.302, 192571430094, vstest.console.dll, AssemblyResolver.OnResolve: Microsoft.Bcl.AsyncInterfaces: Assembly path does not exist: 'C:\Program Files\dotnet\sdk\5.0.302\Extensions\Microsoft.Bcl.AsyncInterfaces.dll', returning.
TpTrace Information: 0 : 14040, 1, 2021/07/19, 16:43:52.303, 192571431791, vstest.console.dll, AssemblyResolver.OnResolve: Microsoft.Bcl.AsyncInterfaces: Assembly path does not exist: 'C:\Program Files\dotnet\sdk\5.0.302\Extensions\Microsoft.Bcl.AsyncInterfaces.exe', returning.
TpTrace Information: 0 : 14040, 1, 2021/07/19, 16:43:52.303, 192571432856, vstest.console.dll, AssemblyResolver.OnResolve: Microsoft.Bcl.AsyncInterfaces: Searching in: 'C:\Program Files\dotnet\sdk\5.0.302'.
TpTrace Information: 0 : 14040, 1, 2021/07/19, 16:43:52.303, 192571434452, vstest.console.dll, AssemblyResolver.OnResolve: Microsoft.Bcl.AsyncInterfaces: Assembly path does not exist: 'C:\Program Files\dotnet\sdk\5.0.302\Microsoft.Bcl.AsyncInterfaces.dll', returning.
TpTrace Information: 0 : 14040, 1, 2021/07/19, 16:43:52.303, 192571436003, vstest.console.dll, AssemblyResolver.OnResolve: Microsoft.Bcl.AsyncInterfaces: Assembly path does not exist: 'C:\Program Files\dotnet\sdk\5.0.302\Microsoft.Bcl.AsyncInterfaces.exe', returning.
TpTrace Information: 0 : 14040, 1, 2021/07/19, 16:43:52.303, 192571437668, vstest.console.dll, AssemblyResolver.OnResolve: Microsoft.Bcl.AsyncInterfaces: Failed to load assembly.
TpTrace Verbose: 0 : 14040, 1, 2021/07/19, 16:43:52.303, 192571438934, vstest.console.dll, CurrentDomainAssemblyResolve: Resolving assembly 'Microsoft.Bcl.AsyncInterfaces'.
TpTrace Information: 0 : 14040, 1, 2021/07/19, 16:43:52.303, 192571440509, vstest.console.dll, AssemblyResolver.OnResolve: Microsoft.Bcl.AsyncInterfaces: Resolving assembly.
TpTrace Information: 0 : 14040, 1, 2021/07/19, 16:43:52.304, 192571441510, vstest.console.dll, AssemblyResolver.OnResolve: Microsoft.Bcl.AsyncInterfaces: Resolved from cache.
TpTrace Verbose: 0 : 14040, 1, 2021/07/19, 16:43:52.304, 192571442286, vstest.console.dll, CurrentDomainAssemblyResolve: Resolving assembly 'Microsoft.Bcl.AsyncInterfaces'.
TpTrace Verbose: 0 : 14040, 1, 2021/07/19, 16:43:52.304, 192571443168, vstest.console.dll, CurrentDomainAssemblyResolve: Failed to resolve assembly 'Microsoft.Bcl.AsyncInterfaces'.
TpTrace Verbose: 0 : 14040, 1, 2021/07/19, 16:43:52.305, 192571459011, vstest.console.dll, CurrentDomainAssemblyResolve: Failed to resolve assembly 'Microsoft.Bcl.AsyncInterfaces'.
TpTrace Warning: 0 : 14040, 1, 2021/07/19, 16:43:52.342, 192571822527, vstest.console.dll, TestPluginDiscoverer: Failed to get types from assembly 'Microsoft.Diagnostics.NETCore.Client, Version=0.2.2.41902, Culture=neutral, PublicKeyToken=31bf3856ad364e35'.  Skipping test extension scan for this assembly.  Error: System.Reflection.ReflectionTypeLoadException: Unable to load one or more of the requested types.
Could not load file or assembly 'Microsoft.Bcl.AsyncInterfaces, Version=1.0.0.0, Culture=neutral, PublicKeyToken=cc7b13ffcd2ddd51'. The system cannot find the file specified.
   at System.Reflection.RuntimeModule.GetTypes(RuntimeModule module)
   at System.Reflection.RuntimeModule.GetTypes()
   at System.Reflection.Assembly.GetTypes()
   at Microsoft.VisualStudio.TestPlatform.Common.ExtensionFramework.TestPluginDiscoverer.GetTestExtensionsFromAssembly[TPluginInfo,TExtension](Assembly assembly, Dictionary`2 pluginInfos)
System.IO.FileNotFoundException: Could not load file or assembly 'Microsoft.Bcl.AsyncInterfaces, Version=1.0.0.0, Culture=neutral, PublicKeyToken=cc7b13ffcd2ddd51'. The system cannot find the file specified.
File name: 'Microsoft.Bcl.AsyncInterfaces, Version=1.0.0.0, Culture=neutral, PublicKeyToken=cc7b13ffcd2ddd51'
TpTrace Warning: 0 : 14040, 1, 2021/07/19, 16:43:52.342, 192571824859, vstest.console.dll, LoaderExceptions: System.IO.FileNotFoundException: Could not load file or assembly 'Microsoft.Bcl.AsyncInterfaces, Version=1.0.0.0, Culture=neutral, PublicKeyToken=cc7b13ffcd2ddd51'. The system cannot find the file specified.
File name: 'Microsoft.Bcl.AsyncInterfaces, Version=1.0.0.0, Culture=neutral, PublicKeyToken=cc7b13ffcd2ddd51'
TpTrace Information: 0 : 14040, 1, 2021/07/19, 16:43:52.342, 192571827141, vstest.console.dll, AssemblyResolver.OnResolve: Microsoft.TestPlatform.Extensions.BlameDataCollector: Resolving assembly.
TpTrace Information: 0 : 14040, 1, 2021/07/19, 16:43:52.342, 192571828109, vstest.console.dll, AssemblyResolver.OnResolve: Microsoft.TestPlatform.Extensions.BlameDataCollector: Searching in: 'C:\Program Files\dotnet\sdk\5.0.302\Extensions'.
TpTrace Information: 0 : 14040, 1, 2021/07/19, 16:43:52.343, 192571840256, vstest.console.dll, AssemblyResolver.OnResolve: Microsoft.TestPlatform.Extensions.BlameDataCollector: Loading assembly 'C:\Program Files\dotnet\sdk\5.0.302\Extensions\Microsoft.TestPlatform.Extensions.BlameDataCollector.dll'.
TpTrace Information: 0 : 14040, 1, 2021/07/19, 16:43:52.345, 192571857844, vstest.console.dll, AssemblyResolver.OnResolve: Resolved assembly: Microsoft.TestPlatform.Extensions.BlameDataCollector, from path: C:\Program Files\dotnet\sdk\5.0.302\Extensions\Microsoft.TestPlatform.Extensions.BlameDataCollector.dll
TpTrace Information: 0 : 14040, 1, 2021/07/19, 16:43:52.347, 192571876168, vstest.console.dll, AssemblyResolver.OnResolve: Microsoft.TestPlatform.Extensions.EventLogCollector: Resolving assembly.
TpTrace Information: 0 : 14040, 1, 2021/07/19, 16:43:52.347, 192571877988, vstest.console.dll, AssemblyResolver.OnResolve: Microsoft.TestPlatform.Extensions.EventLogCollector: Searching in: 'C:\Program Files\dotnet\sdk\5.0.302\Extensions'.
TpTrace Information: 0 : 14040, 1, 2021/07/19, 16:43:52.348, 192571889590, vstest.console.dll, AssemblyResolver.OnResolve: Microsoft.TestPlatform.Extensions.EventLogCollector: Loading assembly 'C:\Program Files\dotnet\sdk\5.0.302\Extensions\Microsoft.TestPlatform.Extensions.EventLogCollector.dll'.
TpTrace Information: 0 : 14040, 1, 2021/07/19, 16:43:52.350, 192571903394, vstest.console.dll, AssemblyResolver.OnResolve: Resolved assembly: Microsoft.TestPlatform.Extensions.EventLogCollector, from path: C:\Program Files\dotnet\sdk\5.0.302\Extensions\Microsoft.TestPlatform.Extensions.EventLogCollector.dll
TpTrace Information: 0 : 14040, 1, 2021/07/19, 16:43:52.355, 192571958885, vstest.console.dll, AssemblyResolver.OnResolve: Microsoft.TestPlatform.TestHostRuntimeProvider: Resolving assembly.
TpTrace Information: 0 : 14040, 1, 2021/07/19, 16:43:52.355, 192571960584, vstest.console.dll, AssemblyResolver.OnResolve: Microsoft.TestPlatform.TestHostRuntimeProvider: Searching in: 'C:\Program Files\dotnet\sdk\5.0.302\Extensions'.
TpTrace Information: 0 : 14040, 1, 2021/07/19, 16:43:52.357, 192571973186, vstest.console.dll, AssemblyResolver.OnResolve: Microsoft.TestPlatform.TestHostRuntimeProvider: Loading assembly 'C:\Program Files\dotnet\sdk\5.0.302\Extensions\Microsoft.TestPlatform.TestHostRuntimeProvider.dll'.
TpTrace Information: 0 : 14040, 1, 2021/07/19, 16:43:52.358, 192571987042, vstest.console.dll, AssemblyResolver.OnResolve: Resolved assembly: Microsoft.TestPlatform.TestHostRuntimeProvider, from path: C:\Program Files\dotnet\sdk\5.0.302\Extensions\Microsoft.TestPlatform.TestHostRuntimeProvider.dll
TpTrace Information: 0 : 14040, 1, 2021/07/19, 16:43:52.361, 192572011331, vstest.console.dll, AssemblyResolver.OnResolve: Microsoft.VisualStudio.TestPlatform.Extensions.Html.TestLogger: Resolving assembly.
TpTrace Information: 0 : 14040, 1, 2021/07/19, 16:43:52.361, 192572012960, vstest.console.dll, AssemblyResolver.OnResolve: Microsoft.VisualStudio.TestPlatform.Extensions.Html.TestLogger: Searching in: 'C:\Program Files\dotnet\sdk\5.0.302\Extensions'.
TpTrace Information: 0 : 14040, 1, 2021/07/19, 16:43:52.362, 192572024302, vstest.console.dll, AssemblyResolver.OnResolve: Microsoft.VisualStudio.TestPlatform.Extensions.Html.TestLogger: Loading assembly 'C:\Program Files\dotnet\sdk\5.0.302\Extensions\Microsoft.VisualStudio.TestPlatform.Extensions.Html.TestLogger.dll'.
TpTrace Information: 0 : 14040, 1, 2021/07/19, 16:43:52.363, 192572039801, vstest.console.dll, AssemblyResolver.OnResolve: Resolved assembly: Microsoft.VisualStudio.TestPlatform.Extensions.Html.TestLogger, from path: C:\Program Files\dotnet\sdk\5.0.302\Extensions\Microsoft.VisualStudio.TestPlatform.Extensions.Html.TestLogger.dll
TpTrace Information: 0 : 14040, 1, 2021/07/19, 16:43:52.365, 192572051748, vstest.console.dll, AssemblyResolver.OnResolve: Microsoft.VisualStudio.TestPlatform.Extensions.Trx.TestLogger: Resolving assembly.
TpTrace Information: 0 : 14040, 1, 2021/07/19, 16:43:52.365, 192572053590, vstest.console.dll, AssemblyResolver.OnResolve: Microsoft.VisualStudio.TestPlatform.Extensions.Trx.TestLogger: Searching in: 'C:\Program Files\dotnet\sdk\5.0.302\Extensions'.
TpTrace Information: 0 : 14040, 1, 2021/07/19, 16:43:52.366, 192572068614, vstest.console.dll, AssemblyResolver.OnResolve: Microsoft.VisualStudio.TestPlatform.Extensions.Trx.TestLogger: Loading assembly 'C:\Program Files\dotnet\sdk\5.0.302\Extensions\Microsoft.VisualStudio.TestPlatform.Extensions.Trx.TestLogger.dll'.
TpTrace Information: 0 : 14040, 1, 2021/07/19, 16:43:52.368, 192572084213, vstest.console.dll, AssemblyResolver.OnResolve: Resolved assembly: Microsoft.VisualStudio.TestPlatform.Extensions.Trx.TestLogger, from path: C:\Program Files\dotnet\sdk\5.0.302\Extensions\Microsoft.VisualStudio.TestPlatform.Extensions.Trx.TestLogger.dll
TpTrace Verbose: 0 : 14040, 1, 2021/07/19, 16:43:52.369, 192572099163, vstest.console.dll, TestPluginCache: Discovered the extensions using extension path ''.
TpTrace Verbose: 0 : 14040, 1, 2021/07/19, 16:43:52.370, 192572100863, vstest.console.dll, TestPluginCache: Discoverers are ''.
TpTrace Verbose: 0 : 14040, 1, 2021/07/19, 16:43:52.370, 192572101624, vstest.console.dll, TestPluginCache: Executors are ''.
TpTrace Verbose: 0 : 14040, 1, 2021/07/19, 16:43:52.370, 192572102424, vstest.console.dll, TestPluginCache: Executors2 are ''.
TpTrace Verbose: 0 : 14040, 1, 2021/07/19, 16:43:52.370, 192572103068, vstest.console.dll, TestPluginCache: Setting providers are ''.
TpTrace Verbose: 0 : 14040, 1, 2021/07/19, 16:43:52.370, 192572103678, vstest.console.dll, TestPluginCache: Loggers are ''.
TpTrace Information: 0 : 14040, 1, 2021/07/19, 16:43:52.381, 192572215921, vstest.console.dll, RunTestsArgumentProcessor:Execute: Test run is starting.
TpTrace Verbose: 0 : 14040, 1, 2021/07/19, 16:43:52.381, 192572217642, vstest.console.dll, RunTestsArgumentProcessor:Execute: Queuing Test run.
TpTrace Information: 0 : 14040, 1, 2021/07/19, 16:43:52.382, 192572221393, vstest.console.dll, TestRequestManager.RunTests: run tests started.
TpTrace Information: 0 : 14040, 1, 2021/07/19, 16:43:52.388, 192572286125, vstest.console.dll, AssemblyMetadataProvider.GetFrameWork: Determined framework:'.NETCoreApp,Version=v3.1' for source: 'C:\Users\Dell\OneDrive\Desktop\InsuranceClaim\InsuranceClaimTesting\bin\Debug\netcoreapp3.1\fine-code-coverage\build-output\InsuranceClaimTesting.dll'
TpTrace Information: 0 : 14040, 1, 2021/07/19, 16:43:52.388, 192572289581, vstest.console.dll, Determined framework for all sources: .NETCoreApp,Version=v3.1
TpTrace Information: 0 : 14040, 1, 2021/07/19, 16:43:52.389, 192572297800, vstest.console.dll, AssemblyMetadataProvider.GetArchitecture: Determined architecture:AnyCPU info for assembly: C:\Users\Dell\OneDrive\Desktop\InsuranceClaim\InsuranceClaimTesting\bin\Debug\netcoreapp3.1\fine-code-coverage\build-output\InsuranceClaimTesting.dll
TpTrace Information: 0 : 14040, 1, 2021/07/19, 16:43:52.393, 192572338463, vstest.console.dll, Determined platform for all sources: X64
TpTrace Information: 0 : 14040, 1, 2021/07/19, 16:43:52.400, 192572402094, vstest.console.dll, Compatible sources list : 
TpTrace Information: 0 : 14040, 1, 2021/07/19, 16:43:52.400, 192572404405, vstest.console.dll, C:\Users\Dell\OneDrive\Desktop\InsuranceClaim\InsuranceClaimTesting\bin\Debug\netcoreapp3.1\fine-code-coverage\build-output\InsuranceClaimTesting.dll
TpTrace Information: 0 : 14040, 1, 2021/07/19, 16:43:52.404, 192572447284, vstest.console.dll, InferRunSettingsHelper.IsTestSettingsEnabled: Unable to navigate to RunSettings/MSTest. Current node: RunSettings
TpTrace Information: 0 : 14040, 1, 2021/07/19, 16:43:52.406, 192572465197, vstest.console.dll, AssemblyResolver.OnResolve: Microsoft.VisualStudio.TestPlatform.Fakes: Resolving assembly.
TpTrace Information: 0 : 14040, 1, 2021/07/19, 16:43:52.406, 192572467281, vstest.console.dll, AssemblyResolver.OnResolve: Microsoft.VisualStudio.TestPlatform.Fakes: Searching in: 'C:\Program Files\dotnet\sdk\5.0.302\Extensions'.
TpTrace Information: 0 : 14040, 1, 2021/07/19, 16:43:52.406, 192572469838, vstest.console.dll, AssemblyResolver.OnResolve: Microsoft.VisualStudio.TestPlatform.Fakes: Assembly path does not exist: 'C:\Program Files\dotnet\sdk\5.0.302\Extensions\Microsoft.VisualStudio.TestPlatform.Fakes.dll', returning.
TpTrace Information: 0 : 14040, 1, 2021/07/19, 16:43:52.407, 192572471771, vstest.console.dll, AssemblyResolver.OnResolve: Microsoft.VisualStudio.TestPlatform.Fakes: Assembly path does not exist: 'C:\Program Files\dotnet\sdk\5.0.302\Extensions\Microsoft.VisualStudio.TestPlatform.Fakes.exe', returning.
TpTrace Information: 0 : 14040, 1, 2021/07/19, 16:43:52.407, 192572472660, vstest.console.dll, AssemblyResolver.OnResolve: Microsoft.VisualStudio.TestPlatform.Fakes: Searching in: 'C:\Program Files\dotnet\sdk\5.0.302'.
TpTrace Information: 0 : 14040, 1, 2021/07/19, 16:43:52.407, 192572474334, vstest.console.dll, AssemblyResolver.OnResolve: Microsoft.VisualStudio.TestPlatform.Fakes: Assembly path does not exist: 'C:\Program Files\dotnet\sdk\5.0.302\Microsoft.VisualStudio.TestPlatform.Fakes.dll', returning.
TpTrace Information: 0 : 14040, 1, 2021/07/19, 16:43:52.407, 192572475945, vstest.console.dll, AssemblyResolver.OnResolve: Microsoft.VisualStudio.TestPlatform.Fakes: Assembly path does not exist: 'C:\Program Files\dotnet\sdk\5.0.302\Microsoft.VisualStudio.TestPlatform.Fakes.exe', returning.
TpTrace Information: 0 : 14040, 1, 2021/07/19, 16:43:52.407, 192572476866, vstest.console.dll, AssemblyResolver.OnResolve: Microsoft.VisualStudio.TestPlatform.Fakes: Failed to load assembly.
TpTrace Information: 0 : 14040, 1, 2021/07/19, 16:43:52.408, 192572485074, vstest.console.dll, Failed to create newly implemented Fakes Configurator. Reason:System.IO.FileNotFoundException: Could not load file or assembly 'Microsoft.VisualStudio.TestPlatform.Fakes, Version=16.0.0.0, Culture=neutral, PublicKeyToken=null'. The system cannot find the file specified.
File name: 'Microsoft.VisualStudio.TestPlatform.Fakes, Version=16.0.0.0, Culture=neutral, PublicKeyToken=null'
   at System.Reflection.RuntimeAssembly.InternalLoad(ObjectHandleOnStack assemblyName, ObjectHandleOnStack requestingAssembly, StackCrawlMarkHandle stackMark, Boolean throwOnFileNotFound, ObjectHandleOnStack assemblyLoadContext, ObjectHandleOnStack retAssembly)
   at System.Reflection.RuntimeAssembly.InternalLoad(AssemblyName assemblyName, RuntimeAssembly requestingAssembly, StackCrawlMark& stackMark, Boolean throwOnFileNotFound, AssemblyLoadContext assemblyLoadContext)
   at System.Reflection.Assembly.Load(AssemblyName assemblyRef)
   at Microsoft.VisualStudio.TestPlatform.Common.Utilities.FakesUtilities.TryGetFakesCrossPlatformDataCollectorConfigurator() 
TpTrace Verbose: 0 : 14040, 1, 2021/07/19, 16:43:52.415, 192572560632, vstest.console.dll, TestPluginCache.DiscoverTestExtensions: finding test extensions in assemblies ends with: TestLogger.dll TPluginInfo: Microsoft.VisualStudio.TestPlatform.Common.ExtensionFramework.Utilities.TestLoggerPluginInformation TExtension: Microsoft.VisualStudio.TestPlatform.ObjectModel.Client.ITestLogger
TpTrace Verbose: 0 : 14040, 1, 2021/07/19, 16:43:52.416, 192572562668, vstest.console.dll, TestPluginCache.GetExtensionPaths: Filtered extension paths: 
TpTrace Verbose: 0 : 14040, 1, 2021/07/19, 16:43:52.416, 192572563551, vstest.console.dll, TestPluginCache.GetExtensionPaths: Added default extension paths: C:\Program Files\dotnet\sdk\5.0.302\Extensions\Microsoft.Diagnostics.NETCore.Client.dll
C:\Program Files\dotnet\sdk\5.0.302\Extensions\Microsoft.TestPlatform.Extensions.BlameDataCollector.dll
C:\Program Files\dotnet\sdk\5.0.302\Extensions\Microsoft.TestPlatform.Extensions.EventLogCollector.dll
C:\Program Files\dotnet\sdk\5.0.302\Extensions\Microsoft.TestPlatform.TestHostRuntimeProvider.dll
C:\Program Files\dotnet\sdk\5.0.302\Extensions\Microsoft.VisualStudio.TestPlatform.Extensions.Html.TestLogger.dll
C:\Program Files\dotnet\sdk\5.0.302\Extensions\Microsoft.VisualStudio.TestPlatform.Extensions.Trx.TestLogger.dll
TpTrace Verbose: 0 : 14040, 1, 2021/07/19, 16:43:52.416, 192572564456, vstest.console.dll, TestPluginCache.GetExtensionPaths: Added unfilterableExtensionPaths: 
TpTrace Information: 0 : 14040, 1, 2021/07/19, 16:43:52.416, 192572567826, vstest.console.dll, AssemblyResolver.AddSearchDirectories: Adding more searchDirectories C:\Program Files\dotnet\sdk\5.0.302\Extensions,C:\Program Files\dotnet\sdk\5.0.302
TpTrace Verbose: 0 : 14040, 1, 2021/07/19, 16:43:52.416, 192572569038, vstest.console.dll, TestPluginCache.DiscoverTestExtensions: Discovering the extensions using extension path.
TpTrace Verbose: 0 : 14040, 1, 2021/07/19, 16:43:52.416, 192572569793, vstest.console.dll, TestPluginCache.GetExtensionPaths: Filtered extension paths: 
TpTrace Verbose: 0 : 14040, 1, 2021/07/19, 16:43:52.416, 192572570566, vstest.console.dll, TestPluginCache.GetExtensionPaths: Added default extension paths: C:\Program Files\dotnet\sdk\5.0.302\Extensions\Microsoft.Diagnostics.NETCore.Client.dll
C:\Program Files\dotnet\sdk\5.0.302\Extensions\Microsoft.TestPlatform.Extensions.BlameDataCollector.dll
C:\Program Files\dotnet\sdk\5.0.302\Extensions\Microsoft.TestPlatform.Extensions.EventLogCollector.dll
C:\Program Files\dotnet\sdk\5.0.302\Extensions\Microsoft.TestPlatform.TestHostRuntimeProvider.dll
C:\Program Files\dotnet\sdk\5.0.302\Extensions\Microsoft.VisualStudio.TestPlatform.Extensions.Html.TestLogger.dll
C:\Program Files\dotnet\sdk\5.0.302\Extensions\Microsoft.VisualStudio.TestPlatform.Extensions.Trx.TestLogger.dll
TpTrace Verbose: 0 : 14040, 1, 2021/07/19, 16:43:52.417, 192572571543, vstest.console.dll, TestPluginCache.GetExtensionPaths: Added unfilterableExtensionPaths: 
TpTrace Verbose: 0 : 14040, 1, 2021/07/19, 16:43:52.417, 192572572302, vstest.console.dll, TestPluginCache.DiscoverTestExtensions: Discovering the extensions using allExtensionPaths: C:\Program Files\dotnet\sdk\5.0.302\Extensions\Microsoft.Diagnostics.NETCore.Client.dll
C:\Program Files\dotnet\sdk\5.0.302\Extensions\Microsoft.TestPlatform.Extensions.BlameDataCollector.dll
C:\Program Files\dotnet\sdk\5.0.302\Extensions\Microsoft.TestPlatform.Extensions.EventLogCollector.dll
C:\Program Files\dotnet\sdk\5.0.302\Extensions\Microsoft.TestPlatform.TestHostRuntimeProvider.dll
C:\Program Files\dotnet\sdk\5.0.302\Extensions\Microsoft.VisualStudio.TestPlatform.Extensions.Html.TestLogger.dll
C:\Program Files\dotnet\sdk\5.0.302\Extensions\Microsoft.VisualStudio.TestPlatform.Extensions.Trx.TestLogger.dll
TpTrace Information: 0 : 14040, 1, 2021/07/19, 16:43:52.417, 192572573430, vstest.console.dll, AssemblyResolver.AddSearchDirectories: Adding more searchDirectories C:\Program Files\dotnet\sdk\5.0.302\Extensions,C:\Program Files\dotnet\sdk\5.0.302
TpTrace Information: 0 : 14040, 1, 2021/07/19, 16:43:52.417, 192572574238, vstest.console.dll, AssemblyResolver.AddSearchDirectories: Adding more searchDirectories C:\Program Files\dotnet\sdk\5.0.302\Extensions,C:\Program Files\dotnet\sdk\5.0.302
TpTrace Information: 0 : 14040, 1, 2021/07/19, 16:43:52.417, 192572574970, vstest.console.dll, AssemblyResolver.AddSearchDirectories: Adding more searchDirectories C:\Program Files\dotnet\sdk\5.0.302\Extensions,C:\Program Files\dotnet\sdk\5.0.302
TpTrace Information: 0 : 14040, 1, 2021/07/19, 16:43:52.417, 192572575824, vstest.console.dll, AssemblyResolver.AddSearchDirectories: Adding more searchDirectories C:\Program Files\dotnet\sdk\5.0.302\Extensions,C:\Program Files\dotnet\sdk\5.0.302
TpTrace Information: 0 : 14040, 1, 2021/07/19, 16:43:52.417, 192572576553, vstest.console.dll, AssemblyResolver.AddSearchDirectories: Adding more searchDirectories C:\Program Files\dotnet\sdk\5.0.302\Extensions,C:\Program Files\dotnet\sdk\5.0.302
TpTrace Information: 0 : 14040, 1, 2021/07/19, 16:43:52.417, 192572577266, vstest.console.dll, AssemblyResolver.AddSearchDirectories: Adding more searchDirectories C:\Program Files\dotnet\sdk\5.0.302\Extensions,C:\Program Files\dotnet\sdk\5.0.302
TpTrace Information: 0 : 14040, 1, 2021/07/19, 16:43:52.418, 192572582135, vstest.console.dll, AssemblyResolver.OnResolve: Microsoft.Bcl.AsyncInterfaces: Resolving assembly.
TpTrace Information: 0 : 14040, 1, 2021/07/19, 16:43:52.418, 192572583101, vstest.console.dll, AssemblyResolver.OnResolve: Microsoft.Bcl.AsyncInterfaces: Resolved from cache.
TpTrace Verbose: 0 : 14040, 1, 2021/07/19, 16:43:52.418, 192572583948, vstest.console.dll, CurrentDomainAssemblyResolve: Resolving assembly 'Microsoft.Bcl.AsyncInterfaces'.
TpTrace Information: 0 : 14040, 1, 2021/07/19, 16:43:52.418, 192572585167, vstest.console.dll, AssemblyResolver.OnResolve: Microsoft.Bcl.AsyncInterfaces: Resolving assembly.
TpTrace Information: 0 : 14040, 1, 2021/07/19, 16:43:52.418, 192572585913, vstest.console.dll, AssemblyResolver.OnResolve: Microsoft.Bcl.AsyncInterfaces: Resolved from cache.
TpTrace Verbose: 0 : 14040, 1, 2021/07/19, 16:43:52.418, 192572586881, vstest.console.dll, CurrentDomainAssemblyResolve: Resolving assembly 'Microsoft.Bcl.AsyncInterfaces'.
TpTrace Verbose: 0 : 14040, 1, 2021/07/19, 16:43:52.418, 192572587622, vstest.console.dll, CurrentDomainAssemblyResolve: Failed to resolve assembly 'Microsoft.Bcl.AsyncInterfaces'.
TpTrace Verbose: 0 : 14040, 1, 2021/07/19, 16:43:52.418, 192572590604, vstest.console.dll, CurrentDomainAssemblyResolve: Failed to resolve assembly 'Microsoft.Bcl.AsyncInterfaces'.
TpTrace Warning: 0 : 14040, 1, 2021/07/19, 16:43:52.419, 192572596273, vstest.console.dll, TestPluginDiscoverer: Failed to get types from assembly 'Microsoft.Diagnostics.NETCore.Client, Version=0.2.2.41902, Culture=neutral, PublicKeyToken=31bf3856ad364e35'.  Skipping test extension scan for this assembly.  Error: System.Reflection.ReflectionTypeLoadException: Unable to load one or more of the requested types.
Could not load file or assembly 'Microsoft.Bcl.AsyncInterfaces, Version=1.0.0.0, Culture=neutral, PublicKeyToken=cc7b13ffcd2ddd51'. The system cannot find the file specified.
   at System.Reflection.RuntimeModule.GetTypes(RuntimeModule module)
   at System.Reflection.RuntimeModule.GetTypes()
   at System.Reflection.Assembly.GetTypes()
   at Microsoft.VisualStudio.TestPlatform.Common.ExtensionFramework.TestPluginDiscoverer.GetTestExtensionsFromAssembly[TPluginInfo,TExtension](Assembly assembly, Dictionary`2 pluginInfos)
System.IO.FileNotFoundException: Could not load file or assembly 'Microsoft.Bcl.AsyncInterfaces, Version=1.0.0.0, Culture=neutral, PublicKeyToken=cc7b13ffcd2ddd51'. The system cannot find the file specified.
File name: 'Microsoft.Bcl.AsyncInterfaces, Version=1.0.0.0, Culture=neutral, PublicKeyToken=cc7b13ffcd2ddd51'
TpTrace Warning: 0 : 14040, 1, 2021/07/19, 16:43:52.419, 192572597491, vstest.console.dll, LoaderExceptions: System.IO.FileNotFoundException: Could not load file or assembly 'Microsoft.Bcl.AsyncInterfaces, Version=1.0.0.0, Culture=neutral, PublicKeyToken=cc7b13ffcd2ddd51'. The system cannot find the file specified.
File name: 'Microsoft.Bcl.AsyncInterfaces, Version=1.0.0.0, Culture=neutral, PublicKeyToken=cc7b13ffcd2ddd51'
TpTrace Verbose: 0 : 14040, 1, 2021/07/19, 16:43:52.420, 192572607521, vstest.console.dll, TestPluginCache: Discovered the extensions using extension path ''.
TpTrace Verbose: 0 : 14040, 1, 2021/07/19, 16:43:52.420, 192572609013, vstest.console.dll, TestPluginCache: Discoverers are ''.
TpTrace Verbose: 0 : 14040, 1, 2021/07/19, 16:43:52.420, 192572609733, vstest.console.dll, TestPluginCache: Executors are ''.
TpTrace Verbose: 0 : 14040, 1, 2021/07/19, 16:43:52.420, 192572610379, vstest.console.dll, TestPluginCache: Executors2 are ''.
TpTrace Verbose: 0 : 14040, 1, 2021/07/19, 16:43:52.421, 192572611054, vstest.console.dll, TestPluginCache: Setting providers are ''.
TpTrace Verbose: 0 : 14040, 1, 2021/07/19, 16:43:52.421, 192572613006, vstest.console.dll, TestPluginCache: Loggers are 'logger://Microsoft/TestPlatform/Extensions/Blame/v1,logger://Microsoft/TestPlatform/HtmlLogger/v1,logger://Microsoft/TestPlatform/TrxLogger/v1'.
TpTrace Information: 0 : 14040, 1, 2021/07/19, 16:43:52.422, 192572626656, vstest.console.dll, TestPluginManager.CreateTestExtension: Attempting to load test extension: Microsoft.TestPlatform.Extensions.BlameDataCollector.BlameLogger
TpTrace Information: 0 : 14040, 1, 2021/07/19, 16:43:52.432, 192572722795, vstest.console.dll, TestPluginManager.CreateTestExtension: Attempting to load test extension: Microsoft.VisualStudio.TestPlatform.CrossPlatEngine.Hosting.DefaultTestHostManager
TpTrace Information: 0 : 14040, 1, 2021/07/19, 16:43:52.432, 192572725471, vstest.console.dll, TestPluginManager.CreateTestExtension: Attempting to load test extension: Microsoft.VisualStudio.TestPlatform.CrossPlatEngine.Hosting.DotnetTestHostManager
TpTrace Verbose: 0 : 14040, 1, 2021/07/19, 16:43:52.432, 192572729630, vstest.console.dll, TestEngine: Initializing Parallel Execution as MaxCpuCount is set to: 1
TpTrace Information: 0 : 14040, 1, 2021/07/19, 16:43:52.433, 192572734375, vstest.console.dll, InferRunSettingsHelper.IsTestSettingsEnabled: Unable to navigate to RunSettings/MSTest. Current node: RunSettings
TpTrace Verbose: 0 : 14040, 1, 2021/07/19, 16:43:52.445, 192572859669, vstest.console.dll, TestRequestSender is acting as server
TpTrace Verbose: 0 : 14040, 4, 2021/07/19, 16:43:52.448, 192572888011, vstest.console.dll, DataCollectionRequestSender.InitializeCommunication : Initialize communication. 
TpTrace Information: 0 : 14040, 4, 2021/07/19, 16:43:52.460, 192573000871, vstest.console.dll, Listening on Endpoint : 127.0.0.1:49301
TpTrace Verbose: 0 : 14040, 4, 2021/07/19, 16:43:52.471, 192573118099, vstest.console.dll, DotnetDataCollectionLauncher: Full path of dotnet.exe is C:\Program Files\dotnet\dotnet.exe
TpTrace Verbose: 0 : 14040, 4, 2021/07/19, 16:43:52.471, 192573119871, vstest.console.dll, DotnetDataCollectionLauncher: Adding  --runtimeconfig "C:\Program Files\dotnet\sdk\5.0.302\datacollector.runtimeconfig.json" in args
TpTrace Verbose: 0 : 14040, 4, 2021/07/19, 16:43:52.471, 192573120715, vstest.console.dll, DotnetDataCollectionLauncher: Adding  --depsfile "C:\Program Files\dotnet\sdk\5.0.302\datacollector.deps.json" in args
TpTrace Information: 0 : 14040, 4, 2021/07/19, 16:43:52.480, 192573202741, vstest.console.dll, ProxyDataCollectionManager.Initialize: Launched datacollector processId: 6412 port: 49301
TpTrace Information: 0 : 14040, 4, 2021/07/19, 16:43:52.480, 192573204942, vstest.console.dll, ProxyDataCollectionManager.Initialize: waiting for connection with timeout: 90 seconds
TpTrace Verbose: 0 : 14040, 4, 2021/07/19, 16:43:52.480, 192573205829, vstest.console.dll, DataCollectionRequestSender.WaitForRequestHandlerConnection : Waiting for connection with timeout: 90000
TpTrace Information: 0 : 14040, 7, 2021/07/19, 16:43:52.651, 192574913313, vstest.console.dll, Using the buffer size of 16384 bytes
TpTrace Verbose: 0 : 14040, 4, 2021/07/19, 16:43:52.651, 192574914106, vstest.console.dll, ProxyDataCollectionManager.InvokeDataCollectionServiceAction: Starting.
TpTrace Information: 0 : 14040, 7, 2021/07/19, 16:43:52.651, 192574914327, vstest.console.dll, Accepted Client request and set the flag
TpTrace Information: 0 : 14040, 4, 2021/07/19, 16:43:52.651, 192574915098, vstest.console.dll, ProxyDataCollectionManager.BeforeTestRunStart: Get environment variable and port for datacollector processId: 6412 port: 49301
TpTrace Verbose: 0 : 14040, 4, 2021/07/19, 16:43:52.651, 192574916951, vstest.console.dll, DataCollectionRequestSender.SendBeforeTestRunStartAndGetResult : Send BeforeTestRunStart message with settingsXml <RunSettings><RunConfiguration><ResultsDirectory>C:\Users\Dell\OneDrive\Desktop\InsuranceClaim\InsuranceClaimTesting\bin\Debug\netcoreapp3.1\fine-code-coverage\coverage-tool-output</ResultsDirectory><TargetPlatform>X64</TargetPlatform><TargetFrameworkVersion>.NETCoreApp,Version=v3.1</TargetFrameworkVersion><DesignMode>False</DesignMode><CollectSourceInformation>False</CollectSourceInformation><TestAdaptersPaths>C:\Program Files\dotnet\sdk\5.0.302\Extensions</TestAdaptersPaths></RunConfiguration><LoggerRunSettings><Loggers><Logger friendlyName="blame" enabled="True" /><Logger friendlyName="Console" uri="logger://microsoft/TestPlatform/ConsoleLogger/v1" assemblyQualifiedName="Microsoft.VisualStudio.TestPlatform.CommandLine.Internal.ConsoleLogger, vstest.console, Version=15.0.0.0, Culture=neutral, PublicKeyToken=b03f5f7f11d50a3a" codeBase="C:\Program Files\dotnet\sdk\5.0.302\vstest.console.dll" enabled="True" /></Loggers></LoggerRunSettings><DataCollectionRunSettings><DataCollectors><DataCollector friendlyName="blame" enabled="True"><Configuration><ResultsDirectory>C:\Users\Dell\OneDrive\Desktop\InsuranceClaim\InsuranceClaimTesting\bin\Debug\netcoreapp3.1\fine-code-coverage\coverage-tool-output</ResultsDirectory></Configuration></DataCollector></DataCollectors></DataCollectionRunSettings></RunSettings> and sources System.Linq.Enumerable+Concat2Iterator`1[System.String]: 
TpTrace Verbose: 0 : 14040, 4, 2021/07/19, 16:43:52.717, 192575575640, vstest.console.dll, DataCollectionRequestSender.SendBeforeTestRunStartAndGetResult : Received message: (DataCollection.SendMessage) -> {
  "FriendlyName": null,
  "Uri": null,
  "TestCaseId": "00000000-0000-0000-0000-000000000000",
  "Message": "Logging DataCollector Diagnostics in file: C:\\Users\\Dell\\OneDrive\\Desktop\\InsuranceClaim\\InsuranceClaimTesting\\bin\\Debug\\netcoreapp3.1\\fine-code-coverage\\coverage-tool-output\\diagnostics.datacollector.21-07-19_16-43-52_46711_4.log",
  "Level": 0
}
TpTrace Verbose: 0 : 14040, 4, 2021/07/19, 16:43:52.774, 192576149783, vstest.console.dll, DataCollectionRequestSender.SendBeforeTestRunStartAndGetResult : Received message: (DataCollection.BeforeTestRunStartResult) -> {
  "EnvironmentVariables": {},
  "DataCollectionEventsPort": 49303
}
TpTrace Information: 0 : 14040, 4, 2021/07/19, 16:43:52.778, 192576181963, vstest.console.dll, ProxyDataCollectionManager.BeforeTestRunStart: SendBeforeTestRunStartAndGetResult successful, env variable from datacollector:   and testhost port: 49303
TpTrace Information: 0 : 14040, 4, 2021/07/19, 16:43:52.778, 192576183039, vstest.console.dll, ProxyDataCollectionManager.InvokeDataCollectionServiceAction: Completed.
TpTrace Verbose: 0 : 14040, 1, 2021/07/19, 16:43:52.778, 192576184481, vstest.console.dll, TestRunRequest.ExecuteAsync: Creating test run request.
TpTrace Verbose: 0 : 14040, 1, 2021/07/19, 16:43:52.778, 192576186724, vstest.console.dll, TestRunRequest.ExecuteAsync: Starting.
TpTrace Information: 0 : 14040, 1, 2021/07/19, 16:43:52.778, 192576189105, vstest.console.dll, TestRunRequest.ExecuteAsync: Starting run with settings:TestRunCriteria:
   KeepAlive=False,FrequencyOfRunStatsChangeEvent=10,RunStatsChangeEventTimeout=00:00:01.5000000,TestCaseFilter=,TestExecutorLauncher=
   Settingsxml=<RunSettings>
  <RunConfiguration>
    <ResultsDirectory>C:\Users\Dell\OneDrive\Desktop\InsuranceClaim\InsuranceClaimTesting\bin\Debug\netcoreapp3.1\fine-code-coverage\coverage-tool-output</ResultsDirectory>
    <TargetPlatform>X64</TargetPlatform>
    <TargetFrameworkVersion>.NETCoreApp,Version=v3.1</TargetFrameworkVersion>
    <DesignMode>False</DesignMode>
    <CollectSourceInformation>False</CollectSourceInformation>
  </RunConfiguration>
  <LoggerRunSettings>
    <Loggers>
      <Logger friendlyName="blame" enabled="True" />
      <Logger friendlyName="Console" uri="logger://microsoft/TestPlatform/ConsoleLogger/v1" assemblyQualifiedName="Microsoft.VisualStudio.TestPlatform.CommandLine.Internal.ConsoleLogger, vstest.console, Version=15.0.0.0, Culture=neutral, PublicKeyToken=b03f5f7f11d50a3a" codeBase="C:\Program Files\dotnet\sdk\5.0.302\vstest.console.dll" enabled="True" />
    </Loggers>
  </LoggerRunSettings>
  <DataCollectionRunSettings>
    <DataCollectors>
      <DataCollector friendlyName="blame" enabled="True">
        <Configuration>
          <ResultsDirectory>C:\Users\Dell\OneDrive\Desktop\InsuranceClaim\InsuranceClaimTesting\bin\Debug\netcoreapp3.1\fine-code-coverage\coverage-tool-output</ResultsDirectory>
        </Configuration>
      </DataCollector>
    </DataCollectors>
  </DataCollectionRunSettings>
</RunSettings>

TpTrace Verbose: 0 : 14040, 1, 2021/07/19, 16:43:52.778, 192576189596, vstest.console.dll, TestRunRequest.ExecuteAsync: Wait for the first run request is over.
TpTrace Verbose: 0 : 14040, 1, 2021/07/19, 16:43:52.779, 192576193112, vstest.console.dll, ParallelProxyExecutionManager: Start execution. Total sources: 1
TpTrace Information: 0 : 14040, 1, 2021/07/19, 16:43:52.779, 192576199889, vstest.console.dll, ProxyParallelExecutionManager: Triggering test run for next source: C:\Users\Dell\OneDrive\Desktop\InsuranceClaim\InsuranceClaimTesting\bin\Debug\netcoreapp3.1\fine-code-coverage\build-output\InsuranceClaimTesting.dll
TpTrace Verbose: 0 : 14040, 6, 2021/07/19, 16:43:52.780, 192576201618, vstest.console.dll, ParallelProxyExecutionManager: Execution started. Started clients: 1
TpTrace Verbose: 0 : 14040, 1, 2021/07/19, 16:43:52.780, 192576201731, vstest.console.dll, ProxyParallelExecutionManager: No sources available for execution.
TpTrace Information: 0 : 14040, 1, 2021/07/19, 16:43:52.780, 192576203340, vstest.console.dll, TestRunRequest.ExecuteAsync: Started.
TpTrace Verbose: 0 : 14040, 1, 2021/07/19, 16:43:52.780, 192576204157, vstest.console.dll, TestRunRequest.WaitForCompletion: Waiting with timeout -1.
TpTrace Verbose: 0 : 14040, 6, 2021/07/19, 16:43:52.780, 192576205019, vstest.console.dll, TestRunRequest:SendTestRunMessage: Starting.
TpTrace Information: 0 : 14040, 6, 2021/07/19, 16:43:52.780, 192576206258, vstest.console.dll, TestRunRequest:SendTestRunMessage: Completed.
TpTrace Verbose: 0 : 14040, 6, 2021/07/19, 16:43:52.780, 192576208282, vstest.console.dll, ProxyExecutionManager: Test host is always Lazy initialize.
TpTrace Verbose: 0 : 14040, 6, 2021/07/19, 16:43:52.780, 192576210246, vstest.console.dll, TestRequestSender.InitializeCommunication: initialize communication. 
TpTrace Information: 0 : 14040, 6, 2021/07/19, 16:43:52.781, 192576214648, vstest.console.dll, SocketServer.Start: Listening on endpoint : 127.0.0.1:49304
TpTrace Verbose: 0 : 14040, 6, 2021/07/19, 16:43:52.782, 192576221124, vstest.console.dll, DotnetTestHostmanager: Adding  --runtimeconfig "C:\Users\Dell\OneDrive\Desktop\InsuranceClaim\InsuranceClaimTesting\bin\Debug\netcoreapp3.1\fine-code-coverage\build-output\InsuranceClaimTesting.runtimeconfig.json" in args
TpTrace Verbose: 0 : 14040, 6, 2021/07/19, 16:43:52.782, 192576222169, vstest.console.dll, DotnetTestHostmanager: Adding  --depsfile "C:\Users\Dell\OneDrive\Desktop\InsuranceClaim\InsuranceClaimTesting\bin\Debug\netcoreapp3.1\fine-code-coverage\build-output\InsuranceClaimTesting.deps.json" in args
TpTrace Verbose: 0 : 14040, 6, 2021/07/19, 16:43:52.782, 192576224180, vstest.console.dll, DotnetTestHostManager: Testhost.exe/testhost.x86.exe found at path: C:\Users\Dell\OneDrive\Desktop\InsuranceClaim\InsuranceClaimTesting\bin\Debug\netcoreapp3.1\fine-code-coverage\build-output\testhost.exe
TpTrace Verbose: 0 : 14040, 6, 2021/07/19, 16:43:52.782, 192576224675, vstest.console.dll, DotnetTestHostmanager: Full path of host exe is C:\Users\Dell\OneDrive\Desktop\InsuranceClaim\InsuranceClaimTesting\bin\Debug\netcoreapp3.1\fine-code-coverage\build-output\testhost.exe
TpTrace Verbose: 0 : 14040, 4, 2021/07/19, 16:43:52.783, 192576234276, vstest.console.dll, DotnetTestHostManager: Starting process 'C:\Users\Dell\OneDrive\Desktop\InsuranceClaim\InsuranceClaimTesting\bin\Debug\netcoreapp3.1\fine-code-coverage\build-output\testhost.exe' with command line ' --runtimeconfig "C:\Users\Dell\OneDrive\Desktop\InsuranceClaim\InsuranceClaimTesting\bin\Debug\netcoreapp3.1\fine-code-coverage\build-output\InsuranceClaimTesting.runtimeconfig.json" --depsfile "C:\Users\Dell\OneDrive\Desktop\InsuranceClaim\InsuranceClaimTesting\bin\Debug\netcoreapp3.1\fine-code-coverage\build-output\InsuranceClaimTesting.deps.json" --port 49304 --endpoint 127.0.0.1:049304 --role client --parentprocessid 14040 --diag "C:\Users\Dell\OneDrive\Desktop\InsuranceClaim\InsuranceClaimTesting\bin\Debug\netcoreapp3.1\fine-code-coverage\coverage-tool-output\diagnostics.host.21-07-19_16-43-52_78166_6.log" --tracelevel 4 --datacollectionport 49303 --telemetryoptedin false'
TpTrace Verbose: 0 : 14040, 4, 2021/07/19, 16:43:52.925, 192577659158, vstest.console.dll, Test Runtime launched
TpTrace Verbose: 0 : 14040, 6, 2021/07/19, 16:43:52.926, 192577668053, vstest.console.dll, TestRequestSender.WaitForRequestHandlerConnection: waiting for connection with timeout: 90000
TpTrace Verbose: 0 : 14040, 14, 2021/07/19, 16:43:53.403, 192582438091, vstest.console.dll, SocketServer.OnClientConnected: Client connected for endPoint: 127.0.0.1:49304, starting MessageLoopAsync:
TpTrace Verbose: 0 : 14040, 4, 2021/07/19, 16:43:53.403, 192582440659, vstest.console.dll, TcpClientExtensions.MessageLoopAsync: Polling on remoteEndPoint: 127.0.0.1:49305 localEndPoint: 127.0.0.1:49304
TpTrace Verbose: 0 : 14040, 4, 2021/07/19, 16:43:53.619, 192584591520, vstest.console.dll, TcpClientExtensions.MessageLoopAsync: NotifyDataAvailable remoteEndPoint: 127.0.0.1:49305 localEndPoint: 127.0.0.1:49304
TpTrace Verbose: 0 : 14040, 4, 2021/07/19, 16:43:53.619, 192584593888, vstest.console.dll, TestRequestSender.CheckVersionWithTestHost: onMessageReceived received message: (ProtocolVersion) -> 5
TpTrace Verbose: 0 : 14040, 4, 2021/07/19, 16:43:53.619, 192584597172, vstest.console.dll, TcpClientExtensions.MessageLoopAsync: Polling on remoteEndPoint: 127.0.0.1:49305 localEndPoint: 127.0.0.1:49304
TpTrace Verbose: 0 : 14040, 6, 2021/07/19, 16:43:53.619, 192584598299, vstest.console.dll, TestPluginCache.GetExtensionPaths: Filtered extension paths: 
TpTrace Verbose: 0 : 14040, 6, 2021/07/19, 16:43:53.619, 192584598807, vstest.console.dll, TestPluginCache.GetExtensionPaths: Added default extension paths: C:\Program Files\dotnet\sdk\5.0.302\Extensions\Microsoft.Diagnostics.NETCore.Client.dll
C:\Program Files\dotnet\sdk\5.0.302\Extensions\Microsoft.TestPlatform.Extensions.BlameDataCollector.dll
C:\Program Files\dotnet\sdk\5.0.302\Extensions\Microsoft.TestPlatform.Extensions.EventLogCollector.dll
C:\Program Files\dotnet\sdk\5.0.302\Extensions\Microsoft.TestPlatform.TestHostRuntimeProvider.dll
C:\Program Files\dotnet\sdk\5.0.302\Extensions\Microsoft.VisualStudio.TestPlatform.Extensions.Html.TestLogger.dll
C:\Program Files\dotnet\sdk\5.0.302\Extensions\Microsoft.VisualStudio.TestPlatform.Extensions.Trx.TestLogger.dll
TpTrace Verbose: 0 : 14040, 6, 2021/07/19, 16:43:53.619, 192584599116, vstest.console.dll, TestPluginCache.GetExtensionPaths: Added unfilterableExtensionPaths: 
TpTrace Verbose: 0 : 14040, 6, 2021/07/19, 16:43:53.622, 192584630704, vstest.console.dll, TestRequestSender.InitializeExecution: Sending initializing execution with message: {"Version":5,"MessageType":"TestExecution.Initialize","Payload":["C:\\Users\\Dell\\OneDrive\\Desktop\\InsuranceClaim\\InsuranceClaimTesting\\bin\\Debug\\netcoreapp3.1\\fine-code-coverage\\build-output\\NUnit3.TestAdapter.dll"]}
TpTrace Verbose: 0 : 14040, 6, 2021/07/19, 16:43:53.629, 192584698643, vstest.console.dll, TestRequestSender.StartTestRun: Sending test run with message: {"Version":5,"MessageType":"TestExecution.StartWithSources","Payload":{"AdapterSourceMap":{"_none_":["C:\\Users\\Dell\\OneDrive\\Desktop\\InsuranceClaim\\InsuranceClaimTesting\\bin\\Debug\\netcoreapp3.1\\fine-code-coverage\\build-output\\InsuranceClaimTesting.dll"]},"RunSettings":"<RunSettings>\r\n  <RunConfiguration>\r\n    <ResultsDirectory>C:\\Users\\Dell\\OneDrive\\Desktop\\InsuranceClaim\\InsuranceClaimTesting\\bin\\Debug\\netcoreapp3.1\\fine-code-coverage\\coverage-tool-output</ResultsDirectory>\r\n    <TargetPlatform>X64</TargetPlatform>\r\n    <TargetFrameworkVersion>.NETCoreApp,Version=v3.1</TargetFrameworkVersion>\r\n    <DesignMode>False</DesignMode>\r\n    <CollectSourceInformation>False</CollectSourceInformation>\r\n  </RunConfiguration>\r\n  <LoggerRunSettings>\r\n    <Loggers>\r\n      <Logger friendlyName=\"blame\" enabled=\"True\" />\r\n      <Logger friendlyName=\"Console\" uri=\"logger://microsoft/TestPlatform/ConsoleLogger/v1\" assemblyQualifiedName=\"Microsoft.VisualStudio.TestPlatform.CommandLine.Internal.ConsoleLogger, vstest.console, Version=15.0.0.0, Culture=neutral, PublicKeyToken=b03f5f7f11d50a3a\" codeBase=\"C:\\Program Files\\dotnet\\sdk\\5.0.302\\vstest.console.dll\" enabled=\"True\" />\r\n    </Loggers>\r\n  </LoggerRunSettings>\r\n  <DataCollectionRunSettings>\r\n    <DataCollectors>\r\n      <DataCollector friendlyName=\"blame\" enabled=\"True\">\r\n        <Configuration>\r\n          <ResultsDirectory>C:\\Users\\Dell\\OneDrive\\Desktop\\InsuranceClaim\\InsuranceClaimTesting\\bin\\Debug\\netcoreapp3.1\\fine-code-coverage\\coverage-tool-output</ResultsDirectory>\r\n        </Configuration>\r\n      </DataCollector>\r\n    </DataCollectors>\r\n  </DataCollectionRunSettings>\r\n</RunSettings>","TestExecutionContext":{"FrequencyOfRunStatsChangeEvent":10,"RunStatsChangeEventTimeout":"00:00:01.5000000","InIsolation":false,"KeepAlive":false,"AreTestCaseLevelEventsRequired":false,"IsDebug":false,"TestCaseFilter":null,"FilterOptions":null},"Package":null}}
TpTrace Verbose: 0 : 14040, 4, 2021/07/19, 16:43:53.630, 192584707198, vstest.console.dll, TcpClientExtensions.MessageLoopAsync: NotifyDataAvailable remoteEndPoint: 127.0.0.1:49305 localEndPoint: 127.0.0.1:49304
TpTrace Verbose: 0 : 14040, 4, 2021/07/19, 16:43:53.630, 192584708207, vstest.console.dll, TestRequestSender.OnExecutionMessageReceived: Received message: {"Version":5,"MessageType":"TestSession.Message","Payload":{"MessageLevel":0,"Message":"Logging TestHost Diagnostics in file: C:\\Users\\Dell\\OneDrive\\Desktop\\InsuranceClaim\\InsuranceClaimTesting\\bin\\Debug\\netcoreapp3.1\\fine-code-coverage\\coverage-tool-output\\diagnostics.host.21-07-19_16-43-52_78166_6.log"}}
TpTrace Verbose: 0 : 14040, 4, 2021/07/19, 16:43:53.632, 192584723921, vstest.console.dll, TestRunRequest:SendTestRunMessage: Starting.
TpTrace Information: 0 : 14040, 4, 2021/07/19, 16:43:53.632, 192584724897, vstest.console.dll, TestRunRequest:SendTestRunMessage: Completed.
TpTrace Verbose: 0 : 14040, 4, 2021/07/19, 16:43:53.632, 192584725237, vstest.console.dll, TcpClientExtensions.MessageLoopAsync: Polling on remoteEndPoint: 127.0.0.1:49305 localEndPoint: 127.0.0.1:49304
TpTrace Verbose: 0 : 14040, 4, 2021/07/19, 16:43:53.843, 192586832756, vstest.console.dll, TcpClientExtensions.MessageLoopAsync: NotifyDataAvailable remoteEndPoint: 127.0.0.1:49305 localEndPoint: 127.0.0.1:49304
TpTrace Verbose: 0 : 14040, 4, 2021/07/19, 16:43:53.843, 192586834618, vstest.console.dll, TestRequestSender.OnExecutionMessageReceived: Received message: {"Version":5,"MessageType":"TestSession.Message","Payload":{"MessageLevel":0,"Message":"NUnit Adapter 4.0.0.0: Test execution started"}}
TpTrace Verbose: 0 : 14040, 4, 2021/07/19, 16:43:53.843, 192586839328, vstest.console.dll, TestRunRequest:SendTestRunMessage: Starting.
TpTrace Information: 0 : 14040, 4, 2021/07/19, 16:43:53.844, 192586840803, vstest.console.dll, TestRunRequest:SendTestRunMessage: Completed.
TpTrace Verbose: 0 : 14040, 4, 2021/07/19, 16:43:53.844, 192586841774, vstest.console.dll, TcpClientExtensions.MessageLoopAsync: Polling on remoteEndPoint: 127.0.0.1:49305 localEndPoint: 127.0.0.1:49304
TpTrace Verbose: 0 : 14040, 4, 2021/07/19, 16:43:53.875, 192587150886, vstest.console.dll, TcpClientExtensions.MessageLoopAsync: NotifyDataAvailable remoteEndPoint: 127.0.0.1:49305 localEndPoint: 127.0.0.1:49304
TpTrace Verbose: 0 : 14040, 4, 2021/07/19, 16:43:53.875, 192587152484, vstest.console.dll, TestRequestSender.OnExecutionMessageReceived: Received message: {"Version":5,"MessageType":"TestSession.Message","Payload":{"MessageLevel":0,"Message":"Running all tests in C:\\Users\\Dell\\OneDrive\\Desktop\\InsuranceClaim\\InsuranceClaimTesting\\bin\\Debug\\netcoreapp3.1\\fine-code-coverage\\build-output\\InsuranceClaimTesting.dll"}}
TpTrace Verbose: 0 : 14040, 4, 2021/07/19, 16:43:53.875, 192587154214, vstest.console.dll, TestRunRequest:SendTestRunMessage: Starting.
TpTrace Information: 0 : 14040, 4, 2021/07/19, 16:43:53.875, 192587154781, vstest.console.dll, TestRunRequest:SendTestRunMessage: Completed.
TpTrace Verbose: 0 : 14040, 4, 2021/07/19, 16:43:53.875, 192587155237, vstest.console.dll, TcpClientExtensions.MessageLoopAsync: Polling on remoteEndPoint: 127.0.0.1:49305 localEndPoint: 127.0.0.1:49304
TpTrace Verbose: 0 : 14040, 4, 2021/07/19, 16:43:54.004, 192588442581, vstest.console.dll, TcpClientExtensions.MessageLoopAsync: NotifyDataAvailable remoteEndPoint: 127.0.0.1:49305 localEndPoint: 127.0.0.1:49304
TpTrace Verbose: 0 : 14040, 4, 2021/07/19, 16:43:54.004, 192588443848, vstest.console.dll, TestRequestSender.OnExecutionMessageReceived: Received message: {"Version":5,"MessageType":"TestSession.Message","Payload":{"MessageLevel":0,"Message":"   NUnit3TestExecutor discovered 7 of 7 NUnit test cases using Current Discovery mode, Non-Explicit run"}}
TpTrace Verbose: 0 : 14040, 4, 2021/07/19, 16:43:54.004, 192588445640, vstest.console.dll, TestRunRequest:SendTestRunMessage: Starting.
TpTrace Information: 0 : 14040, 4, 2021/07/19, 16:43:54.004, 192588446183, vstest.console.dll, TestRunRequest:SendTestRunMessage: Completed.
TpTrace Verbose: 0 : 14040, 4, 2021/07/19, 16:43:54.004, 192588446478, vstest.console.dll, TcpClientExtensions.MessageLoopAsync: Polling on remoteEndPoint: 127.0.0.1:49305 localEndPoint: 127.0.0.1:49304
TpTrace Verbose: 0 : 14040, 4, 2021/07/19, 16:43:55.004, 192598448887, vstest.console.dll, TcpClientExtensions.MessageLoopAsync: Polling on remoteEndPoint: 127.0.0.1:49305 localEndPoint: 127.0.0.1:49304
TpTrace Verbose: 0 : 14040, 4, 2021/07/19, 16:43:55.223, 192600632248, vstest.console.dll, TcpClientExtensions.MessageLoopAsync: NotifyDataAvailable remoteEndPoint: 127.0.0.1:49305 localEndPoint: 127.0.0.1:49304
TpTrace Verbose: 0 : 14040, 4, 2021/07/19, 16:43:55.223, 192600633997, vstest.console.dll, TestRequestSender.OnExecutionMessageReceived: Received message: {"Version":5,"MessageType":"TestExecution.StatsChange","Payload":{"NewTestResults":[],"TestRunStatistics":{"ExecutedTests":0,"Stats":{}},"ActiveTests":[{"Id":"a10037b9-5208-008d-ef0a-96db258fd82f","FullyQualifiedName":"InsuranceClaimTesting.Tests.GetAllInsurerDetails_ForController","DisplayName":"GetAllInsurerDetails_ForController","ExecutorUri":"executor://NUnit3TestExecutor","Source":"C:\\Users\\Dell\\OneDrive\\Desktop\\InsuranceClaim\\InsuranceClaimTesting\\bin\\Debug\\netcoreapp3.1\\fine-code-coverage\\build-output\\InsuranceClaimTesting.dll","CodeFilePath":null,"LineNumber":0,"Properties":[{"Key":{"Id":"NUnit.Seed","Label":"Seed","Category":"","Description":"","Attributes":0,"ValueType":"System.String"},"Value":"355985372"}]}]}}
TpTrace Verbose: 0 : 14040, 4, 2021/07/19, 16:43:55.240, 192600810589, vstest.console.dll, TestRunRequest:SendTestRunStatsChange: Starting.
TpTrace Verbose: 0 : 14040, 4, 2021/07/19, 16:43:55.241, 192600811790, vstest.console.dll, InProgress is GetAllInsurerDetails_ForController
TpTrace Information: 0 : 14040, 4, 2021/07/19, 16:43:55.241, 192600812590, vstest.console.dll, TestRunRequest:SendTestRunStatsChange: Completed.
TpTrace Verbose: 0 : 14040, 4, 2021/07/19, 16:43:55.241, 192600812943, vstest.console.dll, TcpClientExtensions.MessageLoopAsync: Polling on remoteEndPoint: 127.0.0.1:49305 localEndPoint: 127.0.0.1:49304
TpTrace Verbose: 0 : 14040, 4, 2021/07/19, 16:43:55.403, 192602439409, vstest.console.dll, TcpClientExtensions.MessageLoopAsync: NotifyDataAvailable remoteEndPoint: 127.0.0.1:49305 localEndPoint: 127.0.0.1:49304
TpTrace Verbose: 0 : 14040, 4, 2021/07/19, 16:43:55.404, 192602441242, vstest.console.dll, TestRequestSender.OnExecutionMessageReceived: Received message: {"Version":5,"MessageType":"TestSession.Message","Payload":{"MessageLevel":0,"Message":"NUnit Adapter 4.0.0.0: Test execution complete"}}
TpTrace Verbose: 0 : 14040, 4, 2021/07/19, 16:43:55.404, 192602443533, vstest.console.dll, TestRunRequest:SendTestRunMessage: Starting.
TpTrace Information: 0 : 14040, 4, 2021/07/19, 16:43:55.404, 192602444335, vstest.console.dll, TestRunRequest:SendTestRunMessage: Completed.
TpTrace Verbose: 0 : 14040, 4, 2021/07/19, 16:43:55.404, 192602444949, vstest.console.dll, TcpClientExtensions.MessageLoopAsync: Polling on remoteEndPoint: 127.0.0.1:49305 localEndPoint: 127.0.0.1:49304
TpTrace Verbose: 0 : 14040, 4, 2021/07/19, 16:43:55.433, 192602740505, vstest.console.dll, TcpClientExtensions.MessageLoopAsync: NotifyDataAvailable remoteEndPoint: 127.0.0.1:49305 localEndPoint: 127.0.0.1:49304
TpTrace Verbose: 0 : 14040, 4, 2021/07/19, 16:43:55.434, 192602743117, vstest.console.dll, TestRequestSender.OnExecutionMessageReceived: Received message: {"Version":5,"MessageType":"TestExecution.Completed","Payload":{"TestRunCompleteArgs":{"TestRunStatistics":{"ExecutedTests":7,"Stats":{"Passed":7}},"IsCanceled":false,"IsAborted":false,"Error":null,"AttachmentSets":[],"ElapsedTimeInRunningTests":"00:00:01.6093151","Metrics":{}},"LastRunTests":{"NewTestResults":[{"TestCase":{"Id":"a10037b9-5208-008d-ef0a-96db258fd82f","FullyQualifiedName":"InsuranceClaimTesting.Tests.GetAllInsurerDetails_ForController","DisplayName":"GetAllInsurerDetails_ForController","ExecutorUri":"executor://NUnit3TestExecutor","Source":"C:\\Users\\Dell\\OneDrive\\Desktop\\InsuranceClaim\\InsuranceClaimTesting\\bin\\Debug\\netcoreapp3.1\\fine-code-coverage\\build-output\\InsuranceClaimTesting.dll","CodeFilePath":null,"LineNumber":0,"Properties":[{"Key":{"Id":"NUnit.Seed","Label":"Seed","Category":"","Description":"","Attributes":0,"ValueType":"System.String"},"Value":"355985372"}]},"Attachments":[],"Outcome":1,"ErrorMessage":null,"ErrorStackTrace":null,"DisplayName":"GetAllInsurerDetails_ForController","Messages":[],"ComputerName":"DESKTOP-HIF8U95","Duration":"00:00:01.1986570","StartTime":"2021-07-19T11:13:54.0316278+00:00","EndTime":"2021-07-19T11:13:55.2302051+00:00","Properties":[{"Key":{"Id":"NUnit.Seed","Label":"Seed","Category":"","Description":"","Attributes":0,"ValueType":"System.String"},"Value":"355985372"}]},{"TestCase":{"Id":"e18d2217-b057-2736-a86c-8f7ec0761c92","FullyQualifiedName":"InsuranceClaimTesting.Tests.GetAllInsurersDetails","DisplayName":"GetAllInsurersDetails","ExecutorUri":"executor://NUnit3TestExecutor","Source":"C:\\Users\\Dell\\OneDrive\\Desktop\\InsuranceClaim\\InsuranceClaimTesting\\bin\\Debug\\netcoreapp3.1\\fine-code-coverage\\build-output\\InsuranceClaimTesting.dll","CodeFilePath":null,"LineNumber":0,"Properties":[{"Key":{"Id":"NUnit.Seed","Label":"Seed","Category":"","Description":"","Attributes":0,"ValueType":"System.String"},"Value":"2047858641"}]},"Attachments":[],"Outcome":1,"ErrorMessage":null,"ErrorStackTrace":null,"DisplayName":"GetAllInsurersDetails","Messages":[],"ComputerName":"DESKTOP-HIF8U95","Duration":"00:00:00.0525630","StartTime":"2021-07-19T11:13:55.2318033+00:00","EndTime":"2021-07-19T11:13:55.2843649+00:00","Properties":[{"Key":{"Id":"NUnit.Seed","Label":"Seed","Category":"","Description":"","Attributes":0,"ValueType":"System.String"},"Value":"2047858641"}]},{"TestCase":{"Id":"39b636f5-db05-ab64-9a7b-5896ffbfce61","FullyQualifiedName":"InsuranceClaimTesting.Tests.GetInsurerByPackageName(\"GOLD\")","DisplayName":"GetInsurerByPackageName(\"GOLD\")","ExecutorUri":"executor://NUnit3TestExecutor","Source":"C:\\Users\\Dell\\OneDrive\\Desktop\\InsuranceClaim\\InsuranceClaimTesting\\bin\\Debug\\netcoreapp3.1\\fine-code-coverage\\build-output\\InsuranceClaimTesting.dll","CodeFilePath":null,"LineNumber":0,"Properties":[{"Key":{"Id":"NUnit.Seed","Label":"Seed","Category":"","Description":"","Attributes":0,"ValueType":"System.String"},"Value":"180293363"}]},"Attachments":[],"Outcome":1,"ErrorMessage":null,"ErrorStackTrace":null,"DisplayName":"GetInsurerByPackageName(\"GOLD\")","Messages":[],"ComputerName":"DESKTOP-HIF8U95","Duration":"00:00:00.0299410","StartTime":"2021-07-19T11:13:55.2844318+00:00","EndTime":"2021-07-19T11:13:55.3143709+00:00","Properties":[{"Key":{"Id":"NUnit.Seed","Label":"Seed","Category":"","Description":"","Attributes":0,"ValueType":"System.String"},"Value":"180293363"}]},{"TestCase":{"Id":"d6913e5b-ede8-7671-a1f5-9293b4f795e1","FullyQualifiedName":"InsuranceClaimTesting.Tests.GetInsurerByPackageName(\"PLATINUM\")","DisplayName":"GetInsurerByPackageName(\"PLATINUM\")","ExecutorUri":"executor://NUnit3TestExecutor","Source":"C:\\Users\\Dell\\OneDrive\\Desktop\\InsuranceClaim\\InsuranceClaimTesting\\bin\\Debug\\netcoreapp3.1\\fine-code-coverage\\build-output\\InsuranceClaimTesting.dll","CodeFilePath":null,"LineNumber":0,"Properties":[{"Key":{"Id":"NUnit.Seed","Label":"Seed","Category":"","Description":"","Attributes":0,"ValueType":"System.String"},"Value":"1941859434"}]},"Attachments":[],"Outcome":1,"ErrorMessage":null,"ErrorStackTrace":null,"DisplayName":"GetInsurerByPackageName(\"PLATINUM\")","Messages":[],"ComputerName":"DESKTOP-HIF8U95","Duration":"00:00:00.0026400","StartTime":"2021-07-19T11:13:55.3143971+00:00","EndTime":"2021-07-19T11:13:55.3170342+00:00","Properties":[{"Key":{"Id":"NUnit.Seed","Label":"Seed","Category":"","Description":"","Attributes":0,"ValueType":"System.String"},"Value":"1941859434"}]},{"TestCase":{"Id":"64a9ef21-15bc-e5bd-f46e-d91302a55610","FullyQualifiedName":"InsuranceClaimTesting.Tests.GetInsurerByPackageName_ForController(\"GOLD\")","DisplayName":"GetInsurerByPackageName_ForController(\"GOLD\")","ExecutorUri":"executor://NUnit3TestExecutor","Source":"C:\\Users\\Dell\\OneDrive\\Desktop\\InsuranceClaim\\InsuranceClaimTesting\\bin\\Debug\\netcoreapp3.1\\fine-code-coverage\\build-output\\InsuranceClaimTesting.dll","CodeFilePath":null,"LineNumber":0,"Properties":[{"Key":{"Id":"NUnit.Seed","Label":"Seed","Category":"","Description":"","Attributes":0,"ValueType":"System.String"},"Value":"2001644172"}]},"Attachments":[],"Outcome":1,"ErrorMessage":null,"ErrorStackTrace":null,"DisplayName":"GetInsurerByPackageName_ForController(\"GOLD\")","Messages":[],"ComputerName":"DESKTOP-HIF8U95","Duration":"00:00:00.0024580","StartTime":"2021-07-19T11:13:55.3261304+00:00","EndTime":"2021-07-19T11:13:55.328587+00:00","Properties":[{"Key":{"Id":"NUnit.Seed","Label":"Seed","Category":"","Description":"","Attributes":0,"ValueType":"System.String"},"Value":"2001644172"}]},{"TestCase":{"Id":"45fc9cae-f225-13d1-73fb-6baef132077a","FullyQualifiedName":"InsuranceClaimTesting.Tests.GetInsurerByPackageName_ForController(\"PLATINUM\")","DisplayName":"GetInsurerByPackageName_ForController(\"PLATINUM\")","ExecutorUri":"executor://NUnit3TestExecutor","Source":"C:\\Users\\Dell\\OneDrive\\Desktop\\InsuranceClaim\\InsuranceClaimTesting\\bin\\Debug\\netcoreapp3.1\\fine-code-coverage\\build-output\\InsuranceClaimTesting.dll","CodeFilePath":null,"LineNumber":0,"Properties":[{"Key":{"Id":"NUnit.Seed","Label":"Seed","Category":"","Description":"","Attributes":0,"ValueType":"System.String"},"Value":"108851849"}]},"Attachments":[],"Outcome":1,"ErrorMessage":null,"ErrorStackTrace":null,"DisplayName":"GetInsurerByPackageName_ForController(\"PLATINUM\")","Messages":[],"ComputerName":"DESKTOP-HIF8U95","Duration":"00:00:00.0010470","StartTime":"2021-07-19T11:13:55.3286042+00:00","EndTime":"2021-07-19T11:13:55.3296498+00:00","Properties":[{"Key":{"Id":"NUnit.Seed","Label":"Seed","Category":"","Description":"","Attributes":0,"ValueType":"System.String"},"Value":"108851849"}]},{"TestCase":{"Id":"b80ad05a-edb3-133f-bd4a-0148ab6a4330","FullyQualifiedName":"InsuranceClaimTesting.Tests.GetInsurerByPackageName_ForController(\"Average\")","DisplayName":"GetInsurerByPackageName_ForController(\"Average\")","ExecutorUri":"executor://NUnit3TestExecutor","Source":"C:\\Users\\Dell\\OneDrive\\Desktop\\InsuranceClaim\\InsuranceClaimTesting\\bin\\Debug\\netcoreapp3.1\\fine-code-coverage\\build-output\\InsuranceClaimTesting.dll","CodeFilePath":null,"LineNumber":0,"Properties":[{"Key":{"Id":"NUnit.Seed","Label":"Seed","Category":"","Description":"","Attributes":0,"ValueType":"System.String"},"Value":"1809477270"}]},"Attachments":[],"Outcome":1,"ErrorMessage":null,"ErrorStackTrace":null,"DisplayName":"GetInsurerByPackageName_ForController(\"Average\")","Messages":[],"ComputerName":"DESKTOP-HIF8U95","Duration":"00:00:00.0007290","StartTime":"2021-07-19T11:13:55.3296645+00:00","EndTime":"2021-07-19T11:13:55.3303919+00:00","Properties":[{"Key":{"Id":"NUnit.Seed","Label":"Seed","Category":"","Description":"","Attributes":0,"ValueType":"System.String"},"Value":"1809477270"}]}],"TestRunStatistics":{"ExecutedTests":7,"Stats":{"Passed":7}},"ActiveTests":[]},"RunAttachments":[],"ExecutorUris":["executor://nunit3testexecutor/"]}}
TpTrace Verbose: 0 : 14040, 4, 2021/07/19, 16:43:55.436, 192602767236, vstest.console.dll, TestRequestSender.EndSession: Sending end session.
TpTrace Verbose: 0 : 14040, 4, 2021/07/19, 16:43:55.436, 192602768958, vstest.console.dll, ProxyOperationManager.Close: waiting for test host to exit for 100 ms
TpTrace Warning: 0 : 14040, 12, 2021/07/19, 16:43:55.469, 192603093245, vstest.console.dll, TestHostManagerCallbacks.ErrorReceivedCallback Test host standard error line: 
TpTrace Verbose: 0 : 14040, 7, 2021/07/19, 16:43:55.476, 192603164956, vstest.console.dll, TestHostProvider.ExitCallBack: Host exited starting callback.
TpTrace Information: 0 : 14040, 7, 2021/07/19, 16:43:55.476, 192603169912, vstest.console.dll, TestHostManagerCallbacks.ExitCallBack: Testhost processId: 17460 exited with exitcode: 0 error: ''
TpTrace Verbose: 0 : 14040, 7, 2021/07/19, 16:43:55.476, 192603170636, vstest.console.dll, DotnetTestHostManager.OnHostExited: invoking OnHostExited callback
TpTrace Verbose: 0 : 14040, 7, 2021/07/19, 16:43:55.477, 192603171113, vstest.console.dll, CrossPlatEngine.TestHostManagerHostExited: calling on client process exit callback.
TpTrace Information: 0 : 14040, 7, 2021/07/19, 16:43:55.477, 192603171571, vstest.console.dll, TestRequestSender.OnClientProcessExit: Test host process exited. Standard error: 
TpTrace Warning: 0 : 14040, 4, 2021/07/19, 16:43:55.477, 192603171967, vstest.console.dll, ProxyOperationManager: Timed out waiting for test host to exit. Will terminate process.
TpTrace Information: 0 : 14040, 7, 2021/07/19, 16:43:55.477, 192603172053, vstest.console.dll, SocketServer.Stop: Stop server endPoint: 127.0.0.1:49304
TpTrace Information: 0 : 14040, 7, 2021/07/19, 16:43:55.477, 192603173136, vstest.console.dll, SocketServer.Stop: Cancellation requested. Stopping message loop.
TpTrace Verbose: 0 : 14040, 4, 2021/07/19, 16:43:55.477, 192603179382, vstest.console.dll, ProxyDataCollectionManager.InvokeDataCollectionServiceAction: Starting.
TpTrace Information: 0 : 14040, 4, 2021/07/19, 16:43:55.477, 192603179867, vstest.console.dll, ProxyDataCollectionManager.AfterTestRunEnd: Get attachment set for datacollector processId: 6412 port: 49301
TpTrace Verbose: 0 : 14040, 4, 2021/07/19, 16:43:55.477, 192603180284, vstest.console.dll, DataCollectionRequestSender.SendAfterTestRunStartAndGetResult : Send AfterTestRunEnd message with isCancelled: False
TpTrace Verbose: 0 : 14040, 4, 2021/07/19, 16:43:55.481, 192603211336, vstest.console.dll, DataCollectionRequestSender.SendAfterTestRunStartAndGetResult : Received message: (DataCollection.AfterTestRunEndResult) -> {
  "AttachmentSets": [],
  "Metrics": {}
}
TpTrace Information: 0 : 14040, 4, 2021/07/19, 16:43:55.483, 192603234856, vstest.console.dll, ProxyDataCollectionManager.InvokeDataCollectionServiceAction: Completed.
TpTrace Information: 0 : 14040, 7, 2021/07/19, 16:43:55.490, 192603301976, vstest.console.dll, DataCollectionLauncher.ExitCallBack: Data collector exited with exitcode: 0 error: ''
TpTrace Warning: 0 : 14040, 9, 2021/07/19, 16:43:55.501, 192603412914, vstest.console.dll, DataCollectionLauncher.ErrorReceivedCallback datacollector standard error line: 
TpTrace Verbose: 0 : 14040, 4, 2021/07/19, 16:43:55.514, 192603545260, vstest.console.dll, TestRunRequest:SendTestRunStatsChange: Starting.
TpTrace Information: 0 : 14040, 4, 2021/07/19, 16:43:55.514, 192603547559, vstest.console.dll, TestRunRequest:SendTestRunStatsChange: Completed.
TpTrace Verbose: 0 : 14040, 4, 2021/07/19, 16:43:55.514, 192603548971, vstest.console.dll, ParallelProxyExecutionManager: HandlePartialRunComplete: Total completed clients = 1, Run complete = True, Run canceled: False.
TpTrace Verbose: 0 : 14040, 4, 2021/07/19, 16:43:55.533, 192603740387, vstest.console.dll, TestRunRequest:TestRunComplete: Starting. IsAborted:False IsCanceled:False.
TpTrace Verbose: 0 : 14040, 4, 2021/07/19, 16:43:55.534, 192603742254, vstest.console.dll, TestLoggerManager.HandleTestRunComplete: Ignoring as the object is disposed.
TpTrace Information: 0 : 14040, 4, 2021/07/19, 16:43:55.534, 192603744258, vstest.console.dll, TestRunRequest:TestRunComplete: Completed.
TpTrace Verbose: 0 : 14040, 4, 2021/07/19, 16:43:55.534, 192603744669, vstest.console.dll, TestRequestSender.SetOperationComplete: Setting operation complete.
TpTrace Information: 0 : 14040, 4, 2021/07/19, 16:43:55.534, 192603744973, vstest.console.dll, SocketServer.Stop: Stop server endPoint: 127.0.0.1:49304
TpTrace Information: 0 : 14040, 4, 2021/07/19, 16:43:55.534, 192603745280, vstest.console.dll, SocketServer.Stop: Cancellation requested. Stopping message loop.
TpTrace Information: 0 : 14040, 4, 2021/07/19, 16:43:55.534, 192603745645, vstest.console.dll, SocketServer.PrivateStop: Stop server endPoint: 127.0.0.1:49304 error: 
TpTrace Verbose: 0 : 14040, 1, 2021/07/19, 16:43:55.534, 192603744947, vstest.console.dll, TestRunRequest.Dispose: Starting.
TpTrace Information: 0 : 14040, 1, 2021/07/19, 16:43:55.534, 192603746964, vstest.console.dll, TestRunRequest.Dispose: Completed.
TpTrace Information: 0 : 14040, 1, 2021/07/19, 16:43:55.534, 192603747380, vstest.console.dll, TestRequestManager.RunTests: run tests completed.
TpTrace Information: 0 : 14040, 1, 2021/07/19, 16:43:55.534, 192603748086, vstest.console.dll, RunTestsArgumentProcessor:Execute: Test run is completed.
TpTrace Verbose: 0 : 14040, 4, 2021/07/19, 16:43:55.534, 192603749673, vstest.console.dll, LengthPrefixCommunicationChannel.Dispose: Dispose reader and writer.
TpTrace Verbose: 0 : 14040, 1, 2021/07/19, 16:43:55.534, 192603749798, vstest.console.dll, Executor.Execute: Exiting with exit code of 0
TpTrace Information: 0 : 14040, 4, 2021/07/19, 16:43:55.534, 192603750269, vstest.console.dll, SocketServer.Stop: Raise disconnected event endPoint: 127.0.0.1:49304 error: 
TpTrace Verbose: 0 : 14040, 4, 2021/07/19, 16:43:55.535, 192603751170, vstest.console.dll, TestRequestSender: OnTestRunAbort: Operation is already complete. Skip error message.
TpTrace Verbose: 0 : 14040, 4, 2021/07/19, 16:43:55.535, 192603751470, vstest.console.dll, TcpClientExtensions.MessageLoopAsync: exiting MessageLoopAsync remoteEndPoint: 127.0.0.1:49305 localEndPoint: 127.0.0.1:49304
